<?xml version="1.0" encoding="UTF-8"?>
<testsuite xmlns:xsi="http://www.w3.org/2001/XMLSchema-instance" xsi:noNamespaceSchemaLocation="https://maven.apache.org/surefire/maven-surefire-plugin/xsd/surefire-test-report.xsd" version="3.0.2" name="com.caracal.microservices.product.ProductServiceApplicationTests" time="290.329" tests="1" errors="0" skipped="0" failures="0">
  <properties>
[...]
</properties>
  <testcase name="shouldCreateProduct" classname="com.caracal.microservices.product.ProductServiceApplicationTests" time="1.684">
    <system-out><![CDATA[13:35:06.025 [main] INFO org.springframework.test.context.support.AnnotationConfigContextLoaderUtils -- Could not detect default configuration classes for test class [com.caracal.microservices.product.ProductServiceApplicationTests]: ProductServiceApplicationTests does not declare any static, non-private, non-final, nested classes annotated with @Configuration.
13:35:06.087 [main] INFO org.testcontainers.images.PullPolicy -- Image pull policy will be performed by: DefaultPullPolicy()
13:35:06.089 [main] INFO org.testcontainers.utility.ImageNameSubstitutor -- Image name substitution will be performed by: DefaultImageNameSubstitutor (composite of 'ConfigurationFileImageNameSubstitutor' and 'PrefixingImageNameSubstitutor')
13:35:06.181 [main] INFO org.testcontainers.DockerClientFactory -- Testcontainers version: 1.20.6
13:35:06.335 [main] INFO org.testcontainers.dockerclient.DockerClientProviderStrategy -- Loaded org.testcontainers.dockerclient.UnixSocketClientProviderStrategy from ~/.testcontainers.properties, will try it first
13:35:06.582 [main] INFO org.testcontainers.dockerclient.DockerClientProviderStrategy -- Found Docker environment with local Unix socket (unix:///var/run/docker.sock)
13:35:06.583 [main] INFO org.testcontainers.DockerClientFactory -- Docker host IP address is localhost
13:35:06.606 [main] INFO org.testcontainers.DockerClientFactory -- Connected to docker: 
  Server Version: 28.1.1
  API Version: 1.49
  Operating System: Docker Desktop
  Total Memory: 15918 MB
  Labels: 
    com.docker.desktop.address=unix:///var/run/docker-cli.sock
13:35:06.719 [main] INFO tc.testcontainers/ryuk:0.11.0 -- Creating container for image: testcontainers/ryuk:0.11.0
13:35:06.857 [main] INFO org.testcontainers.utility.RegistryAuthLocator -- Credential helper/store (docker-credential-desktop.exe) does not have credentials for https://index.docker.io/v1/
13:35:07.059 [main] INFO tc.testcontainers/ryuk:0.11.0 -- Container testcontainers/ryuk:0.11.0 is starting: d24454840f74925c97c28cde3205fd861f5f89f0a934633916a4fb3ac81ec3fa
13:35:07.436 [main] INFO tc.testcontainers/ryuk:0.11.0 -- Container testcontainers/ryuk:0.11.0 started in PT0.717831071S
13:35:07.440 [main] INFO org.testcontainers.utility.RyukResourceReaper -- Ryuk started - will monitor and terminate Testcontainers containers on JVM exit
13:35:07.441 [main] INFO org.testcontainers.DockerClientFactory -- Checking the system...
13:35:07.441 [main] INFO org.testcontainers.DockerClientFactory -- ✔︎ Docker server version should be at least 1.6.0
13:35:07.442 [main] INFO tc.mongo:7.0.5 -- Creating container for image: mongo:7.0.5
13:35:05.975 [main] INFO tc.mongo:7.0.5 -- Container mongo:7.0.5 is starting: 4a46156de499a16ac4cc85b6358227f0eb9c4c6882f29f4009c75a00fcbdb4df
13:35:07.079 [main] INFO tc.mongo:7.0.5 -- Container mongo:7.0.5 started in PT-0.362264132S
13:35:08.580 [main] INFO org.springframework.boot.test.context.SpringBootTestContextBootstrapper -- Found @SpringBootConfiguration com.caracal.microservices.product.ProductServiceApplication for test class com.caracal.microservices.product.ProductServiceApplicationTests

  .   ____          _            __ _ _
 /\\ / ___'_ __ _ _(_)_ __  __ _ \ \ \ \
( ( )\___ | '_ | '_| | '_ \/ _` | \ \ \ \
 \\/  ___)| |_)| | | | | || (_| |  ) ) ) )
  '  |____| .__|_| |_|_| |_\__, | / / / /
 =========|_|==============|___/=/_/_/_/

 :: Spring Boot ::                (v3.4.5)

2025-09-21T13:35:08.811-07:00  INFO 12859 --- [product-service] [           main] c.c.m.p.ProductServiceApplicationTests   : Starting ProductServiceApplicationTests using Java 21.0.8 with PID 12859 (started by caracal in /home/caracal/code/spring-microservices/product-service)
2025-09-21T13:35:08.812-07:00  INFO 12859 --- [product-service] [           main] c.c.m.p.ProductServiceApplicationTests   : No active profile set, falling back to 1 default profile: "default"
2025-09-21T13:35:09.379-07:00  INFO 12859 --- [product-service] [           main] .s.d.r.c.RepositoryConfigurationDelegate : Bootstrapping Spring Data MongoDB repositories in DEFAULT mode.
2025-09-21T13:35:09.410-07:00  INFO 12859 --- [product-service] [           main] .s.d.r.c.RepositoryConfigurationDelegate : Finished Spring Data repository scanning in 27 ms. Found 1 MongoDB repository interface.
2025-09-21T13:35:09.709-07:00  INFO 12859 --- [product-service] [           main] o.s.b.w.embedded.tomcat.TomcatWebServer  : Tomcat initialized with port 0 (http)
2025-09-21T13:35:09.719-07:00  INFO 12859 --- [product-service] [           main] o.apache.catalina.core.StandardService   : Starting service [Tomcat]
2025-09-21T13:35:09.719-07:00  INFO 12859 --- [product-service] [           main] o.apache.catalina.core.StandardEngine    : Starting Servlet engine: [Apache Tomcat/10.1.40]
2025-09-21T13:35:09.750-07:00  INFO 12859 --- [product-service] [           main] o.a.c.c.C.[Tomcat].[localhost].[/]       : Initializing Spring embedded WebApplicationContext
2025-09-21T13:35:09.751-07:00  INFO 12859 --- [product-service] [           main] w.s.c.ServletWebServerApplicationContext : Root WebApplicationContext: initialization completed in 812 ms
2025-09-21T13:35:09.797-07:00  INFO 12859 --- [product-service] [           main] tc.mongo:latest                          : Pulling docker image: mongo:latest. Please be patient; this may take some time but only needs to be done once.
2025-09-21T13:35:10.998-07:00  INFO 12859 --- [product-service] [ream--336339709] tc.mongo:latest                          : Starting to pull image
2025-09-21T13:35:11.012-07:00  INFO 12859 --- [product-service] [ream--336339709] tc.mongo:latest                          : Pulling image layers:  0 pending,  0 downloaded,  0 extracted, (0 bytes/0 bytes)
2025-09-21T13:35:11.815-07:00  INFO 12859 --- [product-service] [ream--336339709] tc.mongo:latest                          : Pulling image layers:  7 pending,  1 downloaded,  0 extracted, (0 bytes/? MB)
2025-09-21T13:35:12.015-07:00  INFO 12859 --- [product-service] [ream--336339709] tc.mongo:latest                          : Pulling image layers:  6 pending,  2 downloaded,  0 extracted, (0 bytes/? MB)
2025-09-21T13:35:12.114-07:00  INFO 12859 --- [product-service] [ream--336339709] tc.mongo:latest                          : Pulling image layers:  5 pending,  3 downloaded,  0 extracted, (0 bytes/? MB)
2025-09-21T13:35:12.315-07:00  INFO 12859 --- [product-service] [ream--336339709] tc.mongo:latest                          : Pulling image layers:  4 pending,  4 downloaded,  0 extracted, (4 KB/? MB)
2025-09-21T13:35:14.415-07:00  INFO 12859 --- [product-service] [ream--336339709] tc.mongo:latest                          : Pulling image layers:  3 pending,  5 downloaded,  0 extracted, (4 KB/? MB)
2025-09-21T13:35:25.315-07:00  INFO 12859 --- [product-service] [ream--336339709] tc.mongo:latest                          : Pulling image layers:  2 pending,  6 downloaded,  0 extracted, (12 MB/? MB)
2025-09-21T13:36:05.446-07:00  INFO 12859 --- [product-service] [ream--336339709] tc.mongo:latest                          : Pulling image layers:  1 pending,  7 downloaded,  0 extracted, (59 MB/? MB)
2025-09-21T13:36:06.150-07:00  INFO 12859 --- [product-service] [ream--336339709] tc.mongo:latest                          : Pulling image layers:  1 pending,  7 downloaded,  1 extracted, (59 MB/? MB)
2025-09-21T13:36:06.246-07:00  INFO 12859 --- [product-service] [ream--336339709] tc.mongo:latest                          : Pulling image layers:  1 pending,  7 downloaded,  2 extracted, (59 MB/? MB)
2025-09-21T13:36:06.347-07:00  INFO 12859 --- [product-service] [ream--336339709] tc.mongo:latest                          : Pulling image layers:  1 pending,  7 downloaded,  3 extracted, (59 MB/? MB)
2025-09-21T13:36:06.349-07:00  INFO 12859 --- [product-service] [ream--336339709] tc.mongo:latest                          : Pulling image layers:  1 pending,  7 downloaded,  4 extracted, (59 MB/? MB)
2025-09-21T13:36:06.445-07:00  INFO 12859 --- [product-service] [ream--336339709] tc.mongo:latest                          : Pulling image layers:  1 pending,  7 downloaded,  5 extracted, (60 MB/? MB)
2025-09-21T13:36:06.446-07:00  INFO 12859 --- [product-service] [ream--336339709] tc.mongo:latest                          : Pulling image layers:  1 pending,  7 downloaded,  6 extracted, (60 MB/? MB)
2025-09-21T13:39:49.542-07:00  INFO 12859 --- [product-service] [ream--336339709] tc.mongo:latest                          : Pulling image layers:  0 pending,  8 downloaded,  6 extracted, (282 MB/283 MB)
2025-09-21T13:39:50.858-07:00  INFO 12859 --- [product-service] [ream--336339709] tc.mongo:latest                          : Pulling image layers:  0 pending,  8 downloaded,  7 extracted, (282 MB/283 MB)
2025-09-21T13:39:50.859-07:00  INFO 12859 --- [product-service] [ream--336339709] tc.mongo:latest                          : Pulling image layers:  0 pending,  8 downloaded,  8 extracted, (282 MB/283 MB)
2025-09-21T13:39:50.872-07:00  INFO 12859 --- [product-service] [ream--336339709] tc.mongo:latest                          : Pull complete. 8 layers, pulled in 279s (downloaded 282 MB at 1 MB/s)
2025-09-21T13:39:50.872-07:00  INFO 12859 --- [product-service] [           main] tc.mongo:latest                          : Image mongo:latest pull took PT4M41.075196317S
2025-09-21T13:39:50.929-07:00  INFO 12859 --- [product-service] [           main] tc.mongo:latest                          : Creating container for image: mongo:latest
2025-09-21T13:39:51.638-07:00  INFO 12859 --- [product-service] [           main] tc.mongo:latest                          : Container mongo:latest is starting: 3041b0958c9dd34f7a52ae67e5b6805fe31440fe92508d7f81828d8c780942c2
2025-09-21T13:39:52.728-07:00  INFO 12859 --- [product-service] [           main] tc.mongo:latest                          : Container mongo:latest started in PT1.799512295S
2025-09-21T13:39:53.857-07:00  INFO 12859 --- [product-service] [           main] org.mongodb.driver.client                : MongoClient with metadata {"driver": {"name": "mongo-java-driver|sync|spring-boot", "version": "5.2.1"}, "os": {"type": "Linux", "name": "Linux", "architecture": "amd64", "version": "5.15.167.4-microsoft-standard-WSL2"}, "platform": "Java/Ubuntu/21.0.8+9-Ubuntu-0ubuntu124.04.1"} created with settings MongoClientSettings{readPreference=primary, writeConcern=WriteConcern{w=null, wTimeout=null ms, journal=null}, retryWrites=true, retryReads=true, readConcern=ReadConcern{level=null}, credential=null, transportSettings=null, commandListeners=[], codecRegistry=ProvidersCodecRegistry{codecProviders=[ValueCodecProvider{}, BsonValueCodecProvider{}, DBRefCodecProvider{}, DBObjectCodecProvider{}, DocumentCodecProvider{}, CollectionCodecProvider{}, IterableCodecProvider{}, MapCodecProvider{}, GeoJsonCodecProvider{}, GridFSFileCodecProvider{}, Jsr310CodecProvider{}, JsonObjectCodecProvider{}, BsonCodecProvider{}, EnumCodecProvider{}, com.mongodb.client.model.mql.ExpressionCodecProvider@2cdcfaa6, com.mongodb.Jep395RecordCodecProvider@4ff0706c, com.mongodb.KotlinCodecProvider@6968bb65]}, loggerSettings=LoggerSettings{maxDocumentLength=1000}, clusterSettings={hosts=[localhost:63899], srvServiceName=mongodb, mode=SINGLE, requiredClusterType=UNKNOWN, requiredReplicaSetName='null', serverSelector='null', clusterListeners='[]', serverSelectionTimeout='30000 ms', localThreshold='15 ms'}, socketSettings=SocketSettings{connectTimeoutMS=10000, readTimeoutMS=0, receiveBufferSize=0, proxySettings=ProxySettings{host=null, port=null, username=null, password=null}}, heartbeatSocketSettings=SocketSettings{connectTimeoutMS=10000, readTimeoutMS=10000, receiveBufferSize=0, proxySettings=ProxySettings{host=null, port=null, username=null, password=null}}, connectionPoolSettings=ConnectionPoolSettings{maxSize=100, minSize=0, maxWaitTimeMS=120000, maxConnectionLifeTimeMS=0, maxConnectionIdleTimeMS=0, maintenanceInitialDelayMS=0, maintenanceFrequencyMS=60000, connectionPoolListeners=[], maxConnecting=2}, serverSettings=ServerSettings{heartbeatFrequencyMS=10000, minHeartbeatFrequencyMS=500, serverMonitoringMode=AUTO, serverListeners='[]', serverMonitorListeners='[]'}, sslSettings=SslSettings{enabled=false, invalidHostNameAllowed=false, context=null}, applicationName='null', compressorList=[], uuidRepresentation=JAVA_LEGACY, serverApi=null, autoEncryptionSettings=null, dnsClient=null, inetAddressResolver=null, contextProvider=null, timeoutMS=null}
2025-09-21T13:39:53.874-07:00  INFO 12859 --- [product-service] [localhost:63899] org.mongodb.driver.cluster               : Monitor thread successfully connected to server with description ServerDescription{address=localhost:63899, type=REPLICA_SET_PRIMARY, cryptd=false, state=CONNECTED, ok=true, minWireVersion=0, maxWireVersion=21, maxDocumentSize=16777216, logicalSessionTimeoutMinutes=30, roundTripTimeNanos=16692669, minRoundTripTimeNanos=0, setName='docker-rs', canonicalAddress=4a46156de499:27017, hosts=[4a46156de499:27017], passives=[], arbiters=[], primary='4a46156de499:27017', tagSet=TagSet{[]}, electionId=7fffffff0000000000000001, setVersion=1, topologyVersion=TopologyVersion{processId=68d0617a7bf0f095527bd7bc, counter=6}, lastWriteDate=Sun Sep 21 13:39:51 PDT 2025, lastUpdateTimeNanos=80400510904012}
2025-09-21T13:39:54.547-07:00  INFO 12859 --- [product-service] [           main] o.s.b.w.embedded.tomcat.TomcatWebServer  : Tomcat started on port 40663 (http) with context path '/'
2025-09-21T13:39:54.554-07:00  INFO 12859 --- [product-service] [           main] c.c.m.p.ProductServiceApplicationTests   : Started ProductServiceApplicationTests in 285.902 seconds (process running for 307.61)
2025-09-21T13:39:55.682-07:00  INFO 12859 --- [product-service] [o-auto-1-exec-1] o.a.c.c.C.[Tomcat].[localhost].[/]       : Initializing Spring DispatcherServlet 'dispatcherServlet'
2025-09-21T13:39:55.682-07:00  INFO 12859 --- [product-service] [o-auto-1-exec-1] o.s.web.servlet.DispatcherServlet        : Initializing Servlet 'dispatcherServlet'
2025-09-21T13:39:55.683-07:00  INFO 12859 --- [product-service] [o-auto-1-exec-1] o.s.web.servlet.DispatcherServlet        : Completed initialization in 0 ms
2025-09-21T13:39:55.823-07:00  INFO 12859 --- [product-service] [o-auto-1-exec-1] c.c.m.product.service.ProductService     : product created successfully
]]></system-out>
    <system-err><![CDATA[Mockito is currently self-attaching to enable the inline-mock-maker. This will no longer work in future releases of the JDK. Please add Mockito as an agent to your build what is described in Mockito's documentation: https://javadoc.io/doc/org.mockito/mockito-core/latest/org/mockito/Mockito.html#0.3
WARNING: A Java agent has been loaded dynamically (/home/caracal/.m2/repository/net/bytebuddy/byte-buddy-agent/1.15.11/byte-buddy-agent-1.15.11.jar)
WARNING: If a serviceability tool is in use, please run with -XX:+EnableDynamicAgentLoading to hide this warning
WARNING: If a serviceability tool is not in use, please run with -Djdk.instrument.traceUsage for more information
WARNING: Dynamic loading of agents will be disallowed by default in a future release
]]></system-err>
  </testcase>
</testsuite>